[INFO|6:53:17]: Limoney switched tools too fast (had STONE_SWORD, has STONE_SPADE) 
[INFO|6:53:26]: Limoney switched tools too fast (had STONE_SPADE, has AIR) 
[INFO|6:53:29]: Limoney switched tools too fast (had STONE_SPADE, has STONE_PICKAXE) 
[INFO|7:46:15]: sophie_casper tried to break 2 blocks in 892 ms (max=2 in 950 ms) 
[INFO|7:48:28]: sophie_casper tried to break 2 blocks in 949 ms (max=2 in 950 ms) 
[INFO|7:48:37]: sophie_casper broke blocks too fast 3 times in a row (max=2) 
[INFO|7:48:38]: sophie_casper broke blocks too fast 3 times in a row (max=2) 
[INFO|7:49:13]: sophie_casper tried to break 2 blocks in 1099 ms (max=2 in 1350 ms) 
[INFO|7:50:56]: sophie_casper ascended 8 times in a row (max = 8) 
[INFO|7:58:00]: sophie_casper tried to break 2 blocks in 1147 ms (max=2 in 1150 ms) 
[INFO|7:59:26]: sophie_casper's speed was too high 3 times in a row (max=3, speed=0.33609724473308233, max speed=0.25) 
[INFO|8:01:24]: sophie_casper switched tools too fast (had AIR, has STONE_SPADE) 
[INFO|8:01:27]: sophie_casper switched tools too fast (had STONE_SPADE, has STONE_PICKAXE) 
[INFO|8:01:27]: sophie_casper switched tools too fast (had STONE_PICKAXE, has STONE_AXE) 
[INFO|8:01:28]: sophie_casper switched tools too fast (had STONE_AXE, has WOOL) 
[INFO|8:08:37]: sophie_casper's speed was too high 3 times in a row (max=3, speed=0.2925082373709813, max speed=0.25) 
[INFO|4:22:26]: drey stood on water 4 times (can't stand on STATIONARY_WATER or STATIONARY_WATER) 
[INFO|5:10:17]: drey spam-repeated "oi" 
[INFO|5:55:47]: drey tried to avoid fall damage (fall distance = 0 9 times in a row, max=9) 
[INFO|5:55:49]: drey tried to avoid fall damage (fall distance = 0 9 times in a row, max=9) 
[INFO|5:55:50]: drey tried to avoid fall damage (fall distance = 0 9 times in a row, max=9) 
[INFO|3:53:59]: sophie_casper tried to break 2 blocks in 742 ms (max=2 in 950 ms) 
[INFO|3:55:30]: Nathanoelbr tried to break 2 blocks in 2920 ms (max=2 in 3150 ms) 
[INFO|3:58:29]: Nathanoelbr tried to break 2 blocks in 1342 ms (max=2 in 1650 ms) 
[INFO|4:02:46]: sophie_casper's speed was too high 3 times in a row (max=3, speed=0.25729645053976924, max speed=0.25) 
[INFO|4:05:11]: sophie_casper's speed was too high 3 times in a row (max=3, speed=0.2510318733100405, max speed=0.25) 
[INFO|4:14:57]: Nathanoelbr sprinted while hungry (food=2, min=6) 
[INFO|4:15:06]: Nathanoelbr sprinted while hungry (food=2, min=6) 
[INFO|4:15:30]: Nathanoelbr ate too quickly (time=204 ms, min=1000 ms) 
[INFO|4:15:32]: Nathanoelbr ate too quickly (time=810 ms, min=1000 ms) 
[INFO|4:17:32]: sophie_casper reached too far for a block (distance=14.699999988079098, max=5.5) 
[INFO|4:17:52]: sophie_casper ascended 8 times in a row (max = 8) 
[INFO|4:18:04]: sophie_casper tried to fly on y-axis in 20 ms (min =1000) 
[INFO|4:26:21]: Nathanoelbr reached too far for a block (distance=5.913209146216047, max=5.5) 
[INFO|4:26:57]: Nathanoelbr tried to break 2 blocks in 9 ms (max=2 in 17 ms) 
[INFO|4:27:29]: Nathanoelbr tried to break 2 blocks in 14 ms (max=2 in 17 ms) 
[INFO|4:28:59]: Nathanoelbr sprinted while hungry (food=5, min=6) 
[INFO|4:29:14]: Nathanoelbr sprinted while hungry (food=5, min=6) 
[INFO|4:29:18]: Nathanoelbr sprinted while hungry (food=4, min=6) 
[INFO|4:29:18]: Nathanoelbr's speed was too high 3 times in a row (max=3, speed=0.25964585135994867, max speed=0.25) 
[INFO|4:29:19]: Nathanoelbr's speed was too high 3 times in a row (max=3, speed=0.2555010159160247, max speed=0.25) 
[INFO|4:29:20]: Nathanoelbr's speed was too high 3 times in a row (max=3, speed=0.26122475034412673, max speed=0.25) 
[INFO|4:29:35]: Nathanoelbr sprinted while hungry (food=4, min=6) 
[INFO|4:29:35]: Nathanoelbr's speed was too high 3 times in a row (max=3, speed=0.27240207088405555, max speed=0.25) 
[INFO|4:29:36]: Nathanoelbr's speed was too high 3 times in a row (max=3, speed=0.27224017472579476, max speed=0.25) 
[INFO|4:29:37]: Nathanoelbr's speed was too high 3 times in a row (max=3, speed=0.27224017472579476, max speed=0.25) 
[INFO|4:29:39]: Nathanoelbr's speed was too high 3 times in a row (max=3, speed=0.27224017472579476, max speed=0.25) 
[INFO|4:29:40]: Nathanoelbr's speed was too high 3 times in a row (max=3, speed=0.27224017472579476, max speed=0.25) 
[INFO|4:29:41]: Nathanoelbr's speed was too high 3 times in a row (max=3, speed=0.27224017472579476, max speed=0.25) 
[INFO|4:29:43]: Nathanoelbr's speed was too high 3 times in a row (max=3, speed=0.266916020580112, max speed=0.25) 
[INFO|4:30:50]: Nathanoelbr sprinted while hungry (food=3, min=6) 
[INFO|4:30:51]: Nathanoelbr's speed was too high 3 times in a row (max=3, speed=0.26056104960764515, max speed=0.25) 
[INFO|4:31:17]: sophie_casper reached too far for an entity (distance=10.914286306156527, max=5.9) 
[INFO|4:31:21]: Nathanoelbr sprinted while hungry (food=3, min=6) 
[INFO|4:31:25]: Nathanoelbr sprinted while hungry (food=3, min=6) 
[INFO|4:34:14]: Nathanoelbr ate too quickly (time=10 ms, min=1000 ms) 
[INFO|4:34:14]: Nathanoelbr ate too quickly (time=11 ms, min=1000 ms) 
[INFO|4:37:31]: Nathanoelbr tried to fly on y-axis in 760 ms (min =1000) 
[INFO|4:38:01]: sophie_casper fired their bow too fast (actual force=1.0, calculated force=0.6875) 
[INFO|4:38:04]: sophie_casper fired their bow too fast (actual force=1.0, calculated force=0.74666667) 
[INFO|4:40:17]: Nathanoelbr tried to break 2 blocks in 8 ms (max=2 in 17 ms) 
[INFO|4:42:23]: Nathanoelbr tried to break 2 blocks in 7 ms (max=2 in 17 ms) 
[INFO|4:42:25]: Nathanoelbr broke blocks too fast 3 times in a row (max=2) 
[INFO|4:42:26]: Nathanoelbr broke blocks too fast 3 times in a row (max=2) 
[INFO|4:42:26]: Nathanoelbr broke blocks too fast 3 times in a row (max=2) 
[INFO|4:42:26]: Nathanoelbr broke blocks too fast 3 times in a row (max=2) 
[INFO|4:42:26]: Nathanoelbr broke blocks too fast 3 times in a row (max=2) 
[INFO|4:42:27]: Nathanoelbr broke blocks too fast 3 times in a row (max=2) 
[INFO|4:42:27]: Nathanoelbr broke blocks too fast 3 times in a row (max=2) 
[INFO|4:42:27]: Nathanoelbr broke blocks too fast 3 times in a row (max=2) 
[INFO|4:42:46]: Nathanoelbr tried to break 2 blocks in 5 ms (max=2 in 17 ms) 
[INFO|4:45:36]: Nathanoelbr tried to break 2 blocks in 11 ms (max=2 in 21 ms) 
[INFO|4:53:47]: Nathanoelbr tried to break 2 blocks in 8 ms (max=2 in 17 ms) 
[INFO|4:57:50]: sophie_casper sprinted while hungry (food=6, min=6) 
[INFO|4:57:51]: sophie_casper's speed was too high 3 times in a row (max=3, speed=0.26471502610161224, max speed=0.25) 
[INFO|5:00:32]: sophie_casper tried to move through a solid block 
[INFO|5:00:32]: sophie_casper's y speed was too high (speed=2.1707870772188045, max=0.5) 
[INFO|5:00:40]: sophie_casper tried to fly on y-axis in 491 ms (min =1000) 
[INFO|5:00:41]: sophie_casper ascended 8 times in a row (max = 8) 
[INFO|5:00:41]: sophie_casper ascended 8 times in a row (max = 8) 
[INFO|5:02:29]: Nathanoelbr tried to place a block 5 ms after the last one (min=50 ms) 
[INFO|5:03:20]: sophie_casper's speed was too high 3 times in a row (max=3, speed=0.284440515336712, max speed=0.25) 
[INFO|5:03:21]: sophie_casper's speed was too high 3 times in a row (max=3, speed=0.2637842383629163, max speed=0.25) 
[INFO|5:03:23]: sophie_casper's speed was too high 3 times in a row (max=3, speed=0.2662484961535938, max speed=0.25) 
[INFO|5:03:24]: sophie_casper's speed was too high 3 times in a row (max=3, speed=0.26316684201412954, max speed=0.25) 
[INFO|5:03:37]: Nathanoelbr tried to break 2 blocks in 7 ms (max=2 in 17 ms) 
[INFO|5:03:38]: Nathanoelbr broke blocks too fast 3 times in a row (max=2) 
[INFO|5:03:39]: Nathanoelbr broke blocks too fast 3 times in a row (max=2) 
[INFO|5:03:39]: Nathanoelbr broke blocks too fast 3 times in a row (max=2) 
[INFO|5:03:40]: Nathanoelbr broke blocks too fast 3 times in a row (max=2) 
[INFO|5:03:40]: Nathanoelbr broke blocks too fast 3 times in a row (max=2) 
[INFO|5:03:41]: Nathanoelbr broke blocks too fast 3 times in a row (max=2) 
[INFO|5:03:45]: Nathanoelbr broke blocks too fast 3 times in a row (max=2) 
[INFO|5:07:40]: Nathanoelbr tried to place a block 8 ms after the last one (min=50 ms) 
[INFO|5:07:52]: Nathanoelbr tried to place a block 7 ms after the last one (min=50 ms) 
[INFO|5:07:53]: Nathanoelbr placed blocks too fast 0 times in a row (max=2) 
[INFO|5:07:58]: Nathanoelbr placed blocks too fast 0 times in a row (max=2) 
[INFO|5:07:59]: Nathanoelbr placed blocks too fast 0 times in a row (max=2) 
[INFO|5:07:59]: sophie_casper's speed was too high 3 times in a row (max=3, speed=0.2858959615855383, max speed=0.25) 
[INFO|5:08:00]: sophie_casper's y speed was too high (speed=1.0013359791121417, max=0.5) 
[INFO|5:08:00]: Nathanoelbr placed blocks too fast 0 times in a row (max=2) 
[INFO|5:08:01]: Nathanoelbr placed blocks too fast 0 times in a row (max=2) 
[INFO|5:08:02]: Nathanoelbr placed blocks too fast 0 times in a row (max=2) 
[INFO|5:09:30]: sophie_casper tried to place a block 5 ms after the last one (min=50 ms) 
[INFO|5:10:14]: sophie_casper tried to break 2 blocks in 13 ms (max=2 in 17 ms) 
[INFO|5:10:36]: sophie_casper tried to break 2 blocks in 10 ms (max=2 in 17 ms) 
[INFO|5:11:16]: sophie_casper tried to break 2 blocks in 14 ms (max=2 in 17 ms) 
[INFO|5:11:58]: sophie_casper tried to break 2 blocks in 11 ms (max=2 in 17 ms) 
[INFO|5:12:03]: sophie_casper tried to break 2 blocks in 4 ms (max=2 in 17 ms) 
[INFO|5:12:06]: sophie_casper broke blocks too fast 3 times in a row (max=2) 
[INFO|5:12:06]: sophie_casper broke blocks too fast 3 times in a row (max=2) 
[INFO|5:12:06]: sophie_casper broke blocks too fast 3 times in a row (max=2) 
[INFO|5:12:06]: sophie_casper broke blocks too fast 3 times in a row (max=2) 
[INFO|5:12:06]: sophie_casper broke blocks too fast 3 times in a row (max=2) 
[INFO|5:12:06]: sophie_casper broke blocks too fast 3 times in a row (max=2) 
[INFO|5:12:06]: sophie_casper broke blocks too fast 3 times in a row (max=2) 
[INFO|5:12:07]: sophie_casper broke blocks too fast 3 times in a row (max=2) 
[INFO|5:12:15]: sophie_casper broke blocks too fast 3 times in a row (max=2) 
[INFO|5:12:15]: sophie_casper broke blocks too fast 3 times in a row (max=2) 
[INFO|5:12:15]: sophie_casper broke blocks too fast 3 times in a row (max=2) 
[INFO|5:12:15]: sophie_casper broke blocks too fast 3 times in a row (max=2) 
[INFO|5:12:15]: sophie_casper broke blocks too fast 3 times in a row (max=2) 
[INFO|5:12:15]: sophie_casper broke blocks too fast 3 times in a row (max=2) 
[INFO|5:12:15]: sophie_casper broke blocks too fast 3 times in a row (max=2) 
[INFO|5:12:15]: sophie_casper broke blocks too fast 3 times in a row (max=2) 
[INFO|5:12:15]: sophie_casper broke blocks too fast 3 times in a row (max=2) 
[INFO|5:12:16]: sophie_casper broke blocks too fast 3 times in a row (max=2) 
[INFO|5:12:25]: sophie_casper has just entered the Medium hack group. 
[INFO|5:12:25]: sophie_casper's last failed check was: Fast break. 
[INFO|5:12:25]: Type '/anticheat report sophie_casper' for more information. 
[INFO|5:12:25]: sophie_casper broke blocks too fast 3 times in a row (max=2) 
[INFO|5:12:25]: sophie_casper broke blocks too fast 3 times in a row (max=2) 
[INFO|5:12:25]: sophie_casper broke blocks too fast 3 times in a row (max=2) 
[INFO|5:12:26]: sophie_casper broke blocks too fast 3 times in a row (max=2) 
[INFO|5:12:26]: sophie_casper broke blocks too fast 3 times in a row (max=2) 
[INFO|5:13:12]: sophie_casper switched tools too fast (had COBBLESTONE, has DIAMOND_PICKAXE) 
[INFO|5:13:52]: sophie_casper has just entered the Medium hack group. 
[INFO|5:13:52]: sophie_casper's last failed check was: Fast place. 
[INFO|5:13:52]: Type '/anticheat report sophie_casper' for more information. 
[INFO|5:13:52]: sophie_casper tried to place a block 5 ms after the last one (min=50 ms) 
[INFO|5:14:00]: sophie_casper has just entered the Medium hack group. 
[INFO|5:14:00]: sophie_casper's last failed check was: Fast place. 
[INFO|5:14:00]: Type '/anticheat report sophie_casper' for more information. 
[INFO|5:14:00]: sophie_casper tried to place a block 5 ms after the last one (min=50 ms) 
[INFO|5:14:00]: sophie_casper placed blocks too fast 0 times in a row (max=2) 
[INFO|5:14:27]: sophie_casper tried to place a block 5 ms after the last one (min=50 ms) 
[INFO|5:14:29]: sophie_casper tried to place a block 5 ms after the last one (min=50 ms) 
[INFO|5:14:40]: sophie_casper tried to place a block 4 ms after the last one (min=50 ms) 
[INFO|5:14:42]: sophie_casper placed blocks too fast 0 times in a row (max=2) 
[INFO|5:14:42]: sophie_casper placed blocks too fast 0 times in a row (max=2) 
[INFO|5:14:43]: sophie_casper placed blocks too fast 0 times in a row (max=2) 
[INFO|5:14:43]: sophie_casper placed blocks too fast 0 times in a row (max=2) 
[INFO|5:14:53]: sophie_casper placed blocks too fast 0 times in a row (max=2) 
[INFO|5:14:54]: sophie_casper placed blocks too fast 0 times in a row (max=2) 
[INFO|5:14:54]: sophie_casper placed blocks too fast 0 times in a row (max=2) 
[INFO|5:18:50]: Nathanoelbr tried to break 2 blocks in 15 ms (max=2 in 17 ms) 
